2020-09-16 12:54:30,904 ERROR 60056 nodejs.ClusterClientNoResponseError: client no response in 86946ms exceeding maxIdleTime 60000ms, maybe the connection is close on other side.
    at Timeout._onTimeout (/Users/admin/Documents/zy/zyTest/monitor-full/server/node_modules/cluster-client/lib/leader.js:77:23)
    at listOnTimeout (internal/timers.js:549:17)
    at processTimers (internal/timers.js:492:7)
name: "ClusterClientNoResponseError"
pid: 60056
hostname: ZyunMBP.local

2020-09-16 13:03:56,600 ERROR 60056 nodejs.ClusterClientNoResponseError: client no response in 463636ms exceeding maxIdleTime 60000ms, maybe the connection is close on other side.
    at Timeout._onTimeout (/Users/admin/Documents/zy/zyTest/monitor-full/server/node_modules/cluster-client/lib/leader.js:77:23)
    at listOnTimeout (internal/timers.js:549:17)
    at processTimers (internal/timers.js:492:7)
name: "ClusterClientNoResponseError"
pid: 60056
hostname: ZyunMBP.local

2020-09-16 13:08:04,814 ERROR 60056 nodejs.ClusterClientNoResponseError: client no response in 208103ms exceeding maxIdleTime 60000ms, maybe the connection is close on other side.
    at Timeout._onTimeout (/Users/admin/Documents/zy/zyTest/monitor-full/server/node_modules/cluster-client/lib/leader.js:77:23)
    at listOnTimeout (internal/timers.js:549:17)
    at processTimers (internal/timers.js:492:7)
name: "ClusterClientNoResponseError"
pid: 60056
hostname: ZyunMBP.local

2020-09-16 13:14:37,055 ERROR 60056 nodejs.ClusterClientNoResponseError: client no response in 306078ms exceeding maxIdleTime 60000ms, maybe the connection is close on other side.
    at Timeout._onTimeout (/Users/admin/Documents/zy/zyTest/monitor-full/server/node_modules/cluster-client/lib/leader.js:77:23)
    at listOnTimeout (internal/timers.js:549:17)
    at processTimers (internal/timers.js:492:7)
name: "ClusterClientNoResponseError"
pid: 60056
hostname: ZyunMBP.local

2020-09-16 13:17:42,794 ERROR 60056 nodejs.ClusterClientNoResponseError: client no response in 145727ms exceeding maxIdleTime 60000ms, maybe the connection is close on other side.
    at Timeout._onTimeout (/Users/admin/Documents/zy/zyTest/monitor-full/server/node_modules/cluster-client/lib/leader.js:77:23)
    at listOnTimeout (internal/timers.js:549:17)
    at processTimers (internal/timers.js:492:7)
name: "ClusterClientNoResponseError"
pid: 60056
hostname: ZyunMBP.local

2020-09-16 13:21:48,526 ERROR 60056 nodejs.ClusterClientNoResponseError: client no response in 144606ms exceeding maxIdleTime 60000ms, maybe the connection is close on other side.
    at Timeout._onTimeout (/Users/admin/Documents/zy/zyTest/monitor-full/server/node_modules/cluster-client/lib/leader.js:77:23)
    at listOnTimeout (internal/timers.js:549:17)
    at processTimers (internal/timers.js:492:7)
name: "ClusterClientNoResponseError"
pid: 60056
hostname: ZyunMBP.local

2020-09-16 13:23:38,621 ERROR 60056 nodejs.ClusterClientNoResponseError: client no response in 70115ms exceeding maxIdleTime 60000ms, maybe the connection is close on other side.
    at Timeout._onTimeout (/Users/admin/Documents/zy/zyTest/monitor-full/server/node_modules/cluster-client/lib/leader.js:77:23)
    at listOnTimeout (internal/timers.js:549:17)
    at processTimers (internal/timers.js:492:7)
name: "ClusterClientNoResponseError"
pid: 60056
hostname: ZyunMBP.local

2020-09-16 13:26:35,153 ERROR 60056 nodejs.ClusterClientNoResponseError: client no response in 136508ms exceeding maxIdleTime 60000ms, maybe the connection is close on other side.
    at Timeout._onTimeout (/Users/admin/Documents/zy/zyTest/monitor-full/server/node_modules/cluster-client/lib/leader.js:77:23)
    at listOnTimeout (internal/timers.js:549:17)
    at processTimers (internal/timers.js:492:7)
name: "ClusterClientNoResponseError"
pid: 60056
hostname: ZyunMBP.local

2020-09-16 13:28:44,309 ERROR 60056 nodejs.ClusterClientNoResponseError: client no response in 89108ms exceeding maxIdleTime 60000ms, maybe the connection is close on other side.
    at Timeout._onTimeout (/Users/admin/Documents/zy/zyTest/monitor-full/server/node_modules/cluster-client/lib/leader.js:77:23)
    at listOnTimeout (internal/timers.js:549:17)
    at processTimers (internal/timers.js:492:7)
name: "ClusterClientNoResponseError"
pid: 60056
hostname: ZyunMBP.local

2020-09-16 13:30:04,719 ERROR 60056 nodejs.ClusterClientNoResponseError: client no response in 60238ms exceeding maxIdleTime 60000ms, maybe the connection is close on other side.
    at Timeout._onTimeout (/Users/admin/Documents/zy/zyTest/monitor-full/server/node_modules/cluster-client/lib/leader.js:77:23)
    at listOnTimeout (internal/timers.js:549:17)
    at processTimers (internal/timers.js:492:7)
name: "ClusterClientNoResponseError"
pid: 60056
hostname: ZyunMBP.local

2020-09-16 13:33:35,510 ERROR 60056 nodejs.ClusterClientNoResponseError: client no response in 170778ms exceeding maxIdleTime 60000ms, maybe the connection is close on other side.
    at Timeout._onTimeout (/Users/admin/Documents/zy/zyTest/monitor-full/server/node_modules/cluster-client/lib/leader.js:77:23)
    at listOnTimeout (internal/timers.js:549:17)
    at processTimers (internal/timers.js:492:7)
name: "ClusterClientNoResponseError"
pid: 60056
hostname: ZyunMBP.local

2020-09-16 13:37:00,242 ERROR 60056 nodejs.ClusterClientNoResponseError: client no response in 78861ms exceeding maxIdleTime 60000ms, maybe the connection is close on other side.
    at Timeout._onTimeout (/Users/admin/Documents/zy/zyTest/monitor-full/server/node_modules/cluster-client/lib/leader.js:77:23)
    at listOnTimeout (internal/timers.js:549:17)
    at processTimers (internal/timers.js:492:7)
name: "ClusterClientNoResponseError"
pid: 60056
hostname: ZyunMBP.local

2020-09-16 13:40:19,665 ERROR 60056 nodejs.ClusterClientNoResponseError: client no response in 159379ms exceeding maxIdleTime 60000ms, maybe the connection is close on other side.
    at Timeout._onTimeout (/Users/admin/Documents/zy/zyTest/monitor-full/server/node_modules/cluster-client/lib/leader.js:77:23)
    at listOnTimeout (internal/timers.js:549:17)
    at processTimers (internal/timers.js:492:7)
name: "ClusterClientNoResponseError"
pid: 60056
hostname: ZyunMBP.local

2020-09-16 13:46:17,192 ERROR 60056 nodejs.ClusterClientNoResponseError: client no response in 79625ms exceeding maxIdleTime 60000ms, maybe the connection is close on other side.
    at Timeout._onTimeout (/Users/admin/Documents/zy/zyTest/monitor-full/server/node_modules/cluster-client/lib/leader.js:77:23)
    at listOnTimeout (internal/timers.js:549:17)
    at processTimers (internal/timers.js:492:7)
name: "ClusterClientNoResponseError"
pid: 60056
hostname: ZyunMBP.local

2020-09-16 13:48:52,974 ERROR 60056 nodejs.ClusterClientNoResponseError: client no response in 66358ms exceeding maxIdleTime 60000ms, maybe the connection is close on other side.
    at Timeout._onTimeout (/Users/admin/Documents/zy/zyTest/monitor-full/server/node_modules/cluster-client/lib/leader.js:77:23)
    at listOnTimeout (internal/timers.js:549:17)
    at processTimers (internal/timers.js:492:7)
name: "ClusterClientNoResponseError"
pid: 60056
hostname: ZyunMBP.local

2020-09-16 13:56:44,381 ERROR 60056 nodejs.ClusterClientNoResponseError: client no response in 431342ms exceeding maxIdleTime 60000ms, maybe the connection is close on other side.
    at Timeout._onTimeout (/Users/admin/Documents/zy/zyTest/monitor-full/server/node_modules/cluster-client/lib/leader.js:77:23)
    at listOnTimeout (internal/timers.js:549:17)
    at processTimers (internal/timers.js:492:7)
name: "ClusterClientNoResponseError"
pid: 60056
hostname: ZyunMBP.local

2020-09-17 09:53:56,085 ERROR 94406 [-/::1/-/6ms GET /blankscreen/item?title=SDK&currentUrl=http://localhost:9988/&timestamp=1600307636018&userAgent=chrome&kind=stability&type=blank&emptyPoints=18&screen=1440X900&viewPoint=1440X765&selector=html.gif] nodejs.TypeError: Cannot read property 'create' of undefined
    at blankScreenController.create (/Users/admin/Documents/zy/zyTest/monitor-full/server/app/controller/blankScreen.js:13:48)
    at Object.callFn (/Users/admin/Documents/zy/zyTest/monitor-full/server/node_modules/egg-core/lib/utils/index.js:44:21)
    at Object.classControllerMiddleware (/Users/admin/Documents/zy/zyTest/monitor-full/server/node_modules/egg-core/lib/loader/mixin/controller.js:87:20)
    at Object.callFn (/Users/admin/Documents/zy/zyTest/monitor-full/server/node_modules/@eggjs/router/lib/utils.js:12:21)
    at wrappedController (/Users/admin/Documents/zy/zyTest/monitor-full/server/node_modules/@eggjs/router/lib/egg_router.js:322:18)
    at dispatch (/Users/admin/Documents/zy/zyTest/monitor-full/server/node_modules/@eggjs/router/node_modules/koa-compose/index.js:44:32)
    at next (/Users/admin/Documents/zy/zyTest/monitor-full/server/node_modules/@eggjs/router/node_modules/koa-compose/index.js:45:18)
    at /Users/admin/Documents/zy/zyTest/monitor-full/server/node_modules/@eggjs/router/lib/router.js:190:18
    at dispatch (/Users/admin/Documents/zy/zyTest/monitor-full/server/node_modules/@eggjs/router/node_modules/koa-compose/index.js:44:32)
    at /Users/admin/Documents/zy/zyTest/monitor-full/server/node_modules/@eggjs/router/node_modules/koa-compose/index.js:36:12
    at dispatch (/Users/admin/Documents/zy/zyTest/monitor-full/server/node_modules/@eggjs/router/lib/router.js:195:33)
    at dispatch (/Users/admin/Documents/zy/zyTest/monitor-full/server/node_modules/koa-compose/index.js:47:32)
    at /Users/admin/Documents/zy/zyTest/monitor-full/server/node_modules/egg-development/app/middleware/egg_loader_trace.js:9:56
    at dispatch (/Users/admin/Documents/zy/zyTest/monitor-full/server/node_modules/koa-compose/index.js:47:32)
    at i18n (/Users/admin/Documents/zy/zyTest/monitor-full/server/node_modules/egg-i18n/app/middleware/i18n.js:13:12)
    at dispatch (/Users/admin/Documents/zy/zyTest/monitor-full/server/node_modules/koa-compose/index.js:47:32)
    at dispatch (/Users/admin/Documents/zy/zyTest/monitor-full/server/node_modules/koa-compose/index.js:47:32)
    at dta (/Users/admin/Documents/zy/zyTest/monitor-full/server/node_modules/egg-security/lib/middlewares/dta.js:12:12)
    at dispatch (/Users/admin/Documents/zy/zyTest/monitor-full/server/node_modules/koa-compose/index.js:47:32)
    at xframe (/Users/admin/Documents/zy/zyTest/monitor-full/server/node_modules/egg-security/lib/middlewares/xframe.js:7:11)
    at dispatch (/Users/admin/Documents/zy/zyTest/monitor-full/server/node_modules/koa-compose/index.js:47:32)
    at xssProtection (/Users/admin/Documents/zy/zyTest/monitor-full/server/node_modules/egg-security/lib/middlewares/xssProtection.js:7:11)

pid: 94406
hostname: ZyunMBP.local

2020-09-17 09:54:04,510 ERROR 94406 [-/::1/-/0ms GET /blankscreen/item?title=SDK&currentUrl=http://localhost:9988/&timestamp=1600307644501&userAgent=safari&kind=stability&type=blank&emptyPoints=18&screen=375X667&viewPoint=375X667&selector=html.gif] nodejs.TypeError: Cannot read property 'create' of undefined
    at blankScreenController.create (/Users/admin/Documents/zy/zyTest/monitor-full/server/app/controller/blankScreen.js:13:48)
    at Object.callFn (/Users/admin/Documents/zy/zyTest/monitor-full/server/node_modules/egg-core/lib/utils/index.js:44:21)
    at Object.classControllerMiddleware (/Users/admin/Documents/zy/zyTest/monitor-full/server/node_modules/egg-core/lib/loader/mixin/controller.js:87:20)
    at Object.callFn (/Users/admin/Documents/zy/zyTest/monitor-full/server/node_modules/@eggjs/router/lib/utils.js:12:21)
    at wrappedController (/Users/admin/Documents/zy/zyTest/monitor-full/server/node_modules/@eggjs/router/lib/egg_router.js:322:18)
    at dispatch (/Users/admin/Documents/zy/zyTest/monitor-full/server/node_modules/@eggjs/router/node_modules/koa-compose/index.js:44:32)
    at next (/Users/admin/Documents/zy/zyTest/monitor-full/server/node_modules/@eggjs/router/node_modules/koa-compose/index.js:45:18)
    at /Users/admin/Documents/zy/zyTest/monitor-full/server/node_modules/@eggjs/router/lib/router.js:190:18
    at dispatch (/Users/admin/Documents/zy/zyTest/monitor-full/server/node_modules/@eggjs/router/node_modules/koa-compose/index.js:44:32)
    at /Users/admin/Documents/zy/zyTest/monitor-full/server/node_modules/@eggjs/router/node_modules/koa-compose/index.js:36:12
    at dispatch (/Users/admin/Documents/zy/zyTest/monitor-full/server/node_modules/@eggjs/router/lib/router.js:195:33)
    at dispatch (/Users/admin/Documents/zy/zyTest/monitor-full/server/node_modules/koa-compose/index.js:47:32)
    at /Users/admin/Documents/zy/zyTest/monitor-full/server/node_modules/egg-development/app/middleware/egg_loader_trace.js:9:56
    at dispatch (/Users/admin/Documents/zy/zyTest/monitor-full/server/node_modules/koa-compose/index.js:47:32)
    at i18n (/Users/admin/Documents/zy/zyTest/monitor-full/server/node_modules/egg-i18n/app/middleware/i18n.js:13:12)
    at dispatch (/Users/admin/Documents/zy/zyTest/monitor-full/server/node_modules/koa-compose/index.js:47:32)
    at dispatch (/Users/admin/Documents/zy/zyTest/monitor-full/server/node_modules/koa-compose/index.js:47:32)
    at dta (/Users/admin/Documents/zy/zyTest/monitor-full/server/node_modules/egg-security/lib/middlewares/dta.js:12:12)
    at dispatch (/Users/admin/Documents/zy/zyTest/monitor-full/server/node_modules/koa-compose/index.js:47:32)
    at xframe (/Users/admin/Documents/zy/zyTest/monitor-full/server/node_modules/egg-security/lib/middlewares/xframe.js:7:11)
    at dispatch (/Users/admin/Documents/zy/zyTest/monitor-full/server/node_modules/koa-compose/index.js:47:32)
    at xssProtection (/Users/admin/Documents/zy/zyTest/monitor-full/server/node_modules/egg-security/lib/middlewares/xssProtection.js:7:11)

pid: 94406
hostname: ZyunMBP.local

