2020-09-17 09:52:21,307 INFO 94406 [egg-sequelize](1ms) Executed (default): SELECT 1+1 AS result
2020-09-17 09:53:56,089 ERROR 94406 [-/::1/-/6ms GET /blankscreen/item?title=SDK&currentUrl=http://localhost:9988/&timestamp=1600307636018&userAgent=chrome&kind=stability&type=blank&emptyPoints=18&screen=1440X900&viewPoint=1440X765&selector=html.gif] nodejs.TypeError: Cannot read property 'create' of undefined
    at blankScreenController.create (/Users/admin/Documents/zy/zyTest/monitor-full/server/app/controller/blankScreen.js:13:48)
    at Object.callFn (/Users/admin/Documents/zy/zyTest/monitor-full/server/node_modules/egg-core/lib/utils/index.js:44:21)
    at Object.classControllerMiddleware (/Users/admin/Documents/zy/zyTest/monitor-full/server/node_modules/egg-core/lib/loader/mixin/controller.js:87:20)
    at Object.callFn (/Users/admin/Documents/zy/zyTest/monitor-full/server/node_modules/@eggjs/router/lib/utils.js:12:21)
    at wrappedController (/Users/admin/Documents/zy/zyTest/monitor-full/server/node_modules/@eggjs/router/lib/egg_router.js:322:18)
    at dispatch (/Users/admin/Documents/zy/zyTest/monitor-full/server/node_modules/@eggjs/router/node_modules/koa-compose/index.js:44:32)
    at next (/Users/admin/Documents/zy/zyTest/monitor-full/server/node_modules/@eggjs/router/node_modules/koa-compose/index.js:45:18)
    at /Users/admin/Documents/zy/zyTest/monitor-full/server/node_modules/@eggjs/router/lib/router.js:190:18
    at dispatch (/Users/admin/Documents/zy/zyTest/monitor-full/server/node_modules/@eggjs/router/node_modules/koa-compose/index.js:44:32)
    at /Users/admin/Documents/zy/zyTest/monitor-full/server/node_modules/@eggjs/router/node_modules/koa-compose/index.js:36:12
    at dispatch (/Users/admin/Documents/zy/zyTest/monitor-full/server/node_modules/@eggjs/router/lib/router.js:195:33)
    at dispatch (/Users/admin/Documents/zy/zyTest/monitor-full/server/node_modules/koa-compose/index.js:47:32)
    at /Users/admin/Documents/zy/zyTest/monitor-full/server/node_modules/egg-development/app/middleware/egg_loader_trace.js:9:56
    at dispatch (/Users/admin/Documents/zy/zyTest/monitor-full/server/node_modules/koa-compose/index.js:47:32)
    at i18n (/Users/admin/Documents/zy/zyTest/monitor-full/server/node_modules/egg-i18n/app/middleware/i18n.js:13:12)
    at dispatch (/Users/admin/Documents/zy/zyTest/monitor-full/server/node_modules/koa-compose/index.js:47:32)
    at dispatch (/Users/admin/Documents/zy/zyTest/monitor-full/server/node_modules/koa-compose/index.js:47:32)
    at dta (/Users/admin/Documents/zy/zyTest/monitor-full/server/node_modules/egg-security/lib/middlewares/dta.js:12:12)
    at dispatch (/Users/admin/Documents/zy/zyTest/monitor-full/server/node_modules/koa-compose/index.js:47:32)
    at xframe (/Users/admin/Documents/zy/zyTest/monitor-full/server/node_modules/egg-security/lib/middlewares/xframe.js:7:11)
    at dispatch (/Users/admin/Documents/zy/zyTest/monitor-full/server/node_modules/koa-compose/index.js:47:32)
    at xssProtection (/Users/admin/Documents/zy/zyTest/monitor-full/server/node_modules/egg-security/lib/middlewares/xssProtection.js:7:11)

pid: 94406
hostname: ZyunMBP.local

2020-09-17 09:54:04,511 ERROR 94406 [-/::1/-/0ms GET /blankscreen/item?title=SDK&currentUrl=http://localhost:9988/&timestamp=1600307644501&userAgent=safari&kind=stability&type=blank&emptyPoints=18&screen=375X667&viewPoint=375X667&selector=html.gif] nodejs.TypeError: Cannot read property 'create' of undefined
    at blankScreenController.create (/Users/admin/Documents/zy/zyTest/monitor-full/server/app/controller/blankScreen.js:13:48)
    at Object.callFn (/Users/admin/Documents/zy/zyTest/monitor-full/server/node_modules/egg-core/lib/utils/index.js:44:21)
    at Object.classControllerMiddleware (/Users/admin/Documents/zy/zyTest/monitor-full/server/node_modules/egg-core/lib/loader/mixin/controller.js:87:20)
    at Object.callFn (/Users/admin/Documents/zy/zyTest/monitor-full/server/node_modules/@eggjs/router/lib/utils.js:12:21)
    at wrappedController (/Users/admin/Documents/zy/zyTest/monitor-full/server/node_modules/@eggjs/router/lib/egg_router.js:322:18)
    at dispatch (/Users/admin/Documents/zy/zyTest/monitor-full/server/node_modules/@eggjs/router/node_modules/koa-compose/index.js:44:32)
    at next (/Users/admin/Documents/zy/zyTest/monitor-full/server/node_modules/@eggjs/router/node_modules/koa-compose/index.js:45:18)
    at /Users/admin/Documents/zy/zyTest/monitor-full/server/node_modules/@eggjs/router/lib/router.js:190:18
    at dispatch (/Users/admin/Documents/zy/zyTest/monitor-full/server/node_modules/@eggjs/router/node_modules/koa-compose/index.js:44:32)
    at /Users/admin/Documents/zy/zyTest/monitor-full/server/node_modules/@eggjs/router/node_modules/koa-compose/index.js:36:12
    at dispatch (/Users/admin/Documents/zy/zyTest/monitor-full/server/node_modules/@eggjs/router/lib/router.js:195:33)
    at dispatch (/Users/admin/Documents/zy/zyTest/monitor-full/server/node_modules/koa-compose/index.js:47:32)
    at /Users/admin/Documents/zy/zyTest/monitor-full/server/node_modules/egg-development/app/middleware/egg_loader_trace.js:9:56
    at dispatch (/Users/admin/Documents/zy/zyTest/monitor-full/server/node_modules/koa-compose/index.js:47:32)
    at i18n (/Users/admin/Documents/zy/zyTest/monitor-full/server/node_modules/egg-i18n/app/middleware/i18n.js:13:12)
    at dispatch (/Users/admin/Documents/zy/zyTest/monitor-full/server/node_modules/koa-compose/index.js:47:32)
    at dispatch (/Users/admin/Documents/zy/zyTest/monitor-full/server/node_modules/koa-compose/index.js:47:32)
    at dta (/Users/admin/Documents/zy/zyTest/monitor-full/server/node_modules/egg-security/lib/middlewares/dta.js:12:12)
    at dispatch (/Users/admin/Documents/zy/zyTest/monitor-full/server/node_modules/koa-compose/index.js:47:32)
    at xframe (/Users/admin/Documents/zy/zyTest/monitor-full/server/node_modules/egg-security/lib/middlewares/xframe.js:7:11)
    at dispatch (/Users/admin/Documents/zy/zyTest/monitor-full/server/node_modules/koa-compose/index.js:47:32)
    at xssProtection (/Users/admin/Documents/zy/zyTest/monitor-full/server/node_modules/egg-security/lib/middlewares/xssProtection.js:7:11)

pid: 94406
hostname: ZyunMBP.local

2020-09-17 09:58:09,286 INFO 94661 [egg-sequelize](1ms) Executed (default): SELECT 1+1 AS result
2020-09-28 15:41:55,644 INFO 3243 [egg-sequelize](1ms) Executed (default): SELECT 1+1 AS result
